ask/app/build/intermediates/manifest_merge_blame_file/debug/manifest-merger-blame-debug-report.txt
1<?xml version="1.0" encoding="utf-8"?>
2<manifest xmlns:android="http://schemas.android.com/apk/res/android"
3    package="com.gachon.ask"
4    android:versionCode="1"
5    android:versionName="1.0" >
6
7    <uses-sdk
8        android:minSdkVersion="16"
8-->src\main\AndroidManifest.xml
9        android:targetSdkVersion="30" />
9-->src\main\AndroidManifest.xml
10
11    <!-- Although the *SdkVersion is captured in gradle build files, this is required for non gradle builds -->
12    <!-- <uses-sdk android:minSdkVersion="14" /> -->
13    <uses-permission android:name="android.permission.ACCESS_NETWORK_STATE" />
13-->[com.google.firebase:firebase-firestore:23.0.3] AndroidManifest.xml:13:5-79
13-->[com.google.firebase:firebase-firestore:23.0.3] AndroidManifest.xml:13:22-76
14    <uses-permission android:name="android.permission.INTERNET" />
14-->[com.google.firebase:firebase-firestore:23.0.3] AndroidManifest.xml:14:5-67
14-->[com.google.firebase:firebase-firestore:23.0.3] AndroidManifest.xml:14:22-64
15
16    <application
16-->src\main\AndroidManifest.xml:6:5-30:19
17        android:name="androidx.multidex.MultiDexApplication"
18        android:allowBackup="true"
18-->src\main\AndroidManifest.xml:7:9-35
19        android:appComponentFactory="androidx.core.app.CoreComponentFactory"
19-->[androidx.core:core:1.5.0] AndroidManifest.xml:24:18-86
20        android:debuggable="true"
21        android:icon="@mipmap/ic_launcher"
21-->src\main\AndroidManifest.xml:8:9-43
22        android:label="@string/app_name"
22-->src\main\AndroidManifest.xml:9:9-41
23        android:roundIcon="@mipmap/ic_launcher_round"
23-->src\main\AndroidManifest.xml:10:9-54
24        android:supportsRtl="true"
24-->src\main\AndroidManifest.xml:11:9-35
25        android:testOnly="true"
26        android:theme="@style/Theme.Ask" >
26-->src\main\AndroidManifest.xml:12:9-41
27        <activity android:name="com.gachon.ask.MainActivity" />
27-->src\main\AndroidManifest.xml:13:9-49
27-->src\main\AndroidManifest.xml:13:19-47
28        <activity android:name="com.gachon.ask.LoadingActivity" />
28-->src\main\AndroidManifest.xml:14:9-52
28-->src\main\AndroidManifest.xml:14:19-50
29        <activity android:name="com.gachon.ask.LoginActivity" >
29-->src\main\AndroidManifest.xml:15:9-20:20
29-->src\main\AndroidManifest.xml:15:19-48
30            <intent-filter>
30-->src\main\AndroidManifest.xml:16:13-19:29
31                <action android:name="android.intent.action.MAIN" />
31-->src\main\AndroidManifest.xml:17:17-69
31-->src\main\AndroidManifest.xml:17:25-66
32
33                <category android:name="android.intent.category.LAUNCHER" />
33-->src\main\AndroidManifest.xml:18:17-77
33-->src\main\AndroidManifest.xml:18:27-74
34            </intent-filter>
35        </activity>
36        <activity android:name="com.gachon.ask.SignUpActivity" />
36-->src\main\AndroidManifest.xml:21:9-51
36-->src\main\AndroidManifest.xml:21:19-49
37        <activity android:name="com.gachon.ask.WritingActivity" />
37-->src\main\AndroidManifest.xml:22:9-53
37-->src\main\AndroidManifest.xml:22:19-50
38        <activity android:name="com.gachon.ask.community.PostActivity" />
38-->src\main\AndroidManifest.xml:23:9-59
38-->src\main\AndroidManifest.xml:23:19-57
39        <activity android:name="com.gachon.ask.community.ListDetailActivity" />
39-->src\main\AndroidManifest.xml:24:9-65
39-->src\main\AndroidManifest.xml:24:19-63
40        <activity android:name="com.gachon.ask.community.ListActivity" />
40-->src\main\AndroidManifest.xml:25:9-59
40-->src\main\AndroidManifest.xml:25:19-57
41        <activity android:name="com.gachon.ask.CommunityFragment" />
41-->src\main\AndroidManifest.xml:26:9-27:45
41-->src\main\AndroidManifest.xml:26:19-52
42
43        <service
43-->[com.google.firebase:firebase-firestore:23.0.3] AndroidManifest.xml:17:9-23:19
44            android:name="com.google.firebase.components.ComponentDiscoveryService"
44-->[com.google.firebase:firebase-firestore:23.0.3] AndroidManifest.xml:18:13-84
45            android:directBootAware="true"
45-->[com.google.firebase:firebase-common:20.0.0] AndroidManifest.xml:35:13-43
46            android:exported="false" >
46-->[com.google.firebase:firebase-firestore:23.0.3] AndroidManifest.xml:19:13-37
47            <meta-data
47-->[com.google.firebase:firebase-firestore:23.0.3] AndroidManifest.xml:20:13-22:85
48                android:name="com.google.firebase.components:com.google.firebase.firestore.FirestoreRegistrar"
48-->[com.google.firebase:firebase-firestore:23.0.3] AndroidManifest.xml:21:17-111
49                android:value="com.google.firebase.components.ComponentRegistrar" />
49-->[com.google.firebase:firebase-firestore:23.0.3] AndroidManifest.xml:22:17-82
50            <meta-data
50-->[com.google.firebase:firebase-auth:21.0.1] AndroidManifest.xml:77:13-79:85
51                android:name="com.google.firebase.components:com.google.firebase.auth.FirebaseAuthRegistrar"
51-->[com.google.firebase:firebase-auth:21.0.1] AndroidManifest.xml:78:17-109
52                android:value="com.google.firebase.components.ComponentRegistrar" />
52-->[com.google.firebase:firebase-auth:21.0.1] AndroidManifest.xml:79:17-82
53        </service>
54
55        <activity
55-->[com.google.firebase:firebase-auth:21.0.1] AndroidManifest.xml:27:9-44:20
56            android:name="com.google.firebase.auth.internal.GenericIdpActivity"
56-->[com.google.firebase:firebase-auth:21.0.1] AndroidManifest.xml:28:13-80
57            android:excludeFromRecents="true"
57-->[com.google.firebase:firebase-auth:21.0.1] AndroidManifest.xml:29:13-46
58            android:exported="true"
58-->[com.google.firebase:firebase-auth:21.0.1] AndroidManifest.xml:30:13-36
59            android:launchMode="singleTask"
59-->[com.google.firebase:firebase-auth:21.0.1] AndroidManifest.xml:31:13-44
60            android:theme="@android:style/Theme.Translucent.NoTitleBar" >
60-->[com.google.firebase:firebase-auth:21.0.1] AndroidManifest.xml:32:13-72
61            <intent-filter>
61-->[com.google.firebase:firebase-auth:21.0.1] AndroidManifest.xml:33:13-43:29
62                <action android:name="android.intent.action.VIEW" />
62-->[com.google.firebase:firebase-auth:21.0.1] AndroidManifest.xml:34:17-69
62-->[com.google.firebase:firebase-auth:21.0.1] AndroidManifest.xml:34:25-66
63
64                <category android:name="android.intent.category.DEFAULT" />
64-->[com.google.firebase:firebase-auth:21.0.1] AndroidManifest.xml:36:17-76
64-->[com.google.firebase:firebase-auth:21.0.1] AndroidManifest.xml:36:27-73
65                <category android:name="android.intent.category.BROWSABLE" />
65-->[com.google.firebase:firebase-auth:21.0.1] AndroidManifest.xml:37:17-78
65-->[com.google.firebase:firebase-auth:21.0.1] AndroidManifest.xml:37:27-75
66
67                <data
67-->[com.google.firebase:firebase-auth:21.0.1] AndroidManifest.xml:39:17-42:51
68                    android:host="firebase.auth"
68-->[com.google.firebase:firebase-auth:21.0.1] AndroidManifest.xml:40:21-49
69                    android:path="/"
69-->[com.google.firebase:firebase-auth:21.0.1] AndroidManifest.xml:41:21-37
70                    android:scheme="genericidp" />
70-->[com.google.firebase:firebase-auth:21.0.1] AndroidManifest.xml:42:21-48
71            </intent-filter>
72        </activity>
73        <activity
73-->[com.google.firebase:firebase-auth:21.0.1] AndroidManifest.xml:45:9-62:20
74            android:name="com.google.firebase.auth.internal.RecaptchaActivity"
74-->[com.google.firebase:firebase-auth:21.0.1] AndroidManifest.xml:46:13-79
75            android:excludeFromRecents="true"
75-->[com.google.firebase:firebase-auth:21.0.1] AndroidManifest.xml:47:13-46
76            android:exported="true"
76-->[com.google.firebase:firebase-auth:21.0.1] AndroidManifest.xml:48:13-36
77            android:launchMode="singleTask"
77-->[com.google.firebase:firebase-auth:21.0.1] AndroidManifest.xml:49:13-44
78            android:theme="@android:style/Theme.Translucent.NoTitleBar" >
78-->[com.google.firebase:firebase-auth:21.0.1] AndroidManifest.xml:50:13-72
79            <intent-filter>
79-->[com.google.firebase:firebase-auth:21.0.1] AndroidManifest.xml:51:13-61:29
80                <action android:name="android.intent.action.VIEW" />
80-->[com.google.firebase:firebase-auth:21.0.1] AndroidManifest.xml:34:17-69
80-->[com.google.firebase:firebase-auth:21.0.1] AndroidManifest.xml:34:25-66
81
82                <category android:name="android.intent.category.DEFAULT" />
82-->[com.google.firebase:firebase-auth:21.0.1] AndroidManifest.xml:36:17-76
82-->[com.google.firebase:firebase-auth:21.0.1] AndroidManifest.xml:36:27-73
83                <category android:name="android.intent.category.BROWSABLE" />
83-->[com.google.firebase:firebase-auth:21.0.1] AndroidManifest.xml:37:17-78
83-->[com.google.firebase:firebase-auth:21.0.1] AndroidManifest.xml:37:27-75
84
85                <data
85-->[com.google.firebase:firebase-auth:21.0.1] AndroidManifest.xml:39:17-42:51
86                    android:host="firebase.auth"
86-->[com.google.firebase:firebase-auth:21.0.1] AndroidManifest.xml:40:21-49
87                    android:path="/"
87-->[com.google.firebase:firebase-auth:21.0.1] AndroidManifest.xml:41:21-37
88                    android:scheme="recaptcha" />
88-->[com.google.firebase:firebase-auth:21.0.1] AndroidManifest.xml:42:21-48
89            </intent-filter>
90        </activity>
91
92        <service
92-->[com.google.firebase:firebase-auth:21.0.1] AndroidManifest.xml:64:9-73:19
93            android:name="com.google.firebase.auth.api.fallback.service.FirebaseAuthFallbackService"
93-->[com.google.firebase:firebase-auth:21.0.1] AndroidManifest.xml:65:13-101
94            android:enabled="true"
94-->[com.google.firebase:firebase-auth:21.0.1] AndroidManifest.xml:66:13-35
95            android:exported="false" >
95-->[com.google.firebase:firebase-auth:21.0.1] AndroidManifest.xml:67:13-37
96            <intent-filter>
96-->[com.google.firebase:firebase-auth:21.0.1] AndroidManifest.xml:68:13-72:29
97                <action android:name="com.google.firebase.auth.api.gms.service.START" />
97-->[com.google.firebase:firebase-auth:21.0.1] AndroidManifest.xml:69:17-89
97-->[com.google.firebase:firebase-auth:21.0.1] AndroidManifest.xml:69:25-86
98
99                <category android:name="android.intent.category.DEFAULT" />
99-->[com.google.firebase:firebase-auth:21.0.1] AndroidManifest.xml:36:17-76
99-->[com.google.firebase:firebase-auth:21.0.1] AndroidManifest.xml:36:27-73
100            </intent-filter>
101        </service>
102
103        <activity
103-->[com.google.android.gms:play-services-auth:19.2.0] AndroidManifest.xml:23:9-27:75
104            android:name="com.google.android.gms.auth.api.signin.internal.SignInHubActivity"
104-->[com.google.android.gms:play-services-auth:19.2.0] AndroidManifest.xml:24:13-93
105            android:excludeFromRecents="true"
105-->[com.google.android.gms:play-services-auth:19.2.0] AndroidManifest.xml:25:13-46
106            android:exported="false"
106-->[com.google.android.gms:play-services-auth:19.2.0] AndroidManifest.xml:26:13-37
107            android:theme="@android:style/Theme.Translucent.NoTitleBar" />
107-->[com.google.android.gms:play-services-auth:19.2.0] AndroidManifest.xml:27:13-72
108        <!--
109            Service handling Google Sign-In user revocation. For apps that do not integrate with
110            Google Sign-In, this service will never be started.
111        -->
112        <service
112-->[com.google.android.gms:play-services-auth:19.2.0] AndroidManifest.xml:33:9-37:51
113            android:name="com.google.android.gms.auth.api.signin.RevocationBoundService"
113-->[com.google.android.gms:play-services-auth:19.2.0] AndroidManifest.xml:34:13-89
114            android:exported="true"
114-->[com.google.android.gms:play-services-auth:19.2.0] AndroidManifest.xml:35:13-36
115            android:permission="com.google.android.gms.auth.api.signin.permission.REVOCATION_NOTIFICATION"
115-->[com.google.android.gms:play-services-auth:19.2.0] AndroidManifest.xml:36:13-107
116            android:visibleToInstantApps="true" />
116-->[com.google.android.gms:play-services-auth:19.2.0] AndroidManifest.xml:37:13-48
117
118        <provider
118-->[com.google.firebase:firebase-common:20.0.0] AndroidManifest.xml:26:9-31:39
119            android:name="com.google.firebase.provider.FirebaseInitProvider"
119-->[com.google.firebase:firebase-common:20.0.0] AndroidManifest.xml:27:13-77
120            android:authorities="com.gachon.ask.firebaseinitprovider"
120-->[com.google.firebase:firebase-common:20.0.0] AndroidManifest.xml:28:13-72
121            android:directBootAware="true"
121-->[com.google.firebase:firebase-common:20.0.0] AndroidManifest.xml:29:13-43
122            android:exported="false"
122-->[com.google.firebase:firebase-common:20.0.0] AndroidManifest.xml:30:13-37
123            android:initOrder="100" />
123-->[com.google.firebase:firebase-common:20.0.0] AndroidManifest.xml:31:13-36
124
125        <activity
125-->[com.google.android.gms:play-services-base:17.5.0] AndroidManifest.xml:23:9-26:75
126            android:name="com.google.android.gms.common.api.GoogleApiActivity"
126-->[com.google.android.gms:play-services-base:17.5.0] AndroidManifest.xml:24:13-79
127            android:exported="false"
127-->[com.google.android.gms:play-services-base:17.5.0] AndroidManifest.xml:25:13-37
128            android:theme="@android:style/Theme.Translucent.NoTitleBar" />
128-->[com.google.android.gms:play-services-base:17.5.0] AndroidManifest.xml:26:13-72
129
130        <meta-data
130-->[com.google.android.gms:play-services-basement:17.5.0] AndroidManifest.xml:23:9-25:69
131            android:name="com.google.android.gms.version"
131-->[com.google.android.gms:play-services-basement:17.5.0] AndroidManifest.xml:24:13-58
132            android:value="@integer/google_play_services_version" />
132-->[com.google.android.gms:play-services-basement:17.5.0] AndroidManifest.xml:25:13-66
133    </application>
134
135</manifest>